<?xml version="1.0" encoding="UTF-8"?>
<!-- Generated by org.testng.reporters.JUnitXMLReporter -->
<testsuite hostname="chilhoanPC" ignored="1" name="NegativeUserNameTests" tests="1" failures="0" timestamp="17 Jul 2022 14:05:30 GMT" time="2.665" errors="0">
  <testcase name="negativeLoginTest" time="2.662" classname="com.herokuapp.theinternet.LoginTest"/>
  <testcase name="positiveLoginTest" time="0.0" classname="com.herokuapp.theinternet.LoginTest">
    <ignored/>
  </testcase> <!-- positiveLoginTest -->
</testsuite> <!-- NegativeUserNameTests -->
