<?xml version="1.0" encoding="UTF-8"?>
<!-- Generated by org.testng.reporters.JUnitXMLReporter -->
<testsuite hostname="chilhoanPC" ignored="1" name="PositiveTests" tests="1" failures="0" timestamp="17 Jul 2022 14:05:27 GMT" time="13.162" errors="0">
  <testcase name="positiveLoginTest" time="13.148" classname="com.herokuapp.theinternet.LoginTest"/>
  <testcase name="negativeLoginTest" time="0.0" classname="com.herokuapp.theinternet.LoginTest">
    <ignored/>
  </testcase> <!-- negativeLoginTest -->
</testsuite> <!-- PositiveTests -->
