<?xml version="1.0" encoding="UTF-8"?>
<!-- Generated by org.testng.reporters.JUnitXMLReporter -->
<testsuite hostname="chilhoanPC" ignored="0" name="Default test" tests="2" failures="0" timestamp="17 Jul 2022 01:23:00 GMT" time="5.543" errors="0">
  <testcase name="incorrectPasswordTest" time="2.913" classname="com.herokuapp.theinternet.NegativeTests"/>
  <testcase name="incorrectUserNameTest" time="2.609" classname="com.herokuapp.theinternet.NegativeTests"/>
</testsuite> <!-- Default test -->
