<?xml version="1.0" encoding="UTF-8"?>
<!-- Generated by org.testng.reporters.JUnitXMLReporter -->
<testsuite hostname="chilhoanPC" ignored="1" name="Default test" tests="1" failures="0" timestamp="17 Jul 2022 02:27:49 GMT" time="2.929" errors="0">
  <testcase name="incorrectUserNameTest" time="2.91" classname="com.herokuapp.theinternet.NegativeTests"/>
  <testcase name="incorrectPasswordTest" time="0.0" classname="com.herokuapp.theinternet.NegativeTests">
    <ignored/>
  </testcase> <!-- incorrectPasswordTest -->
</testsuite> <!-- Default test -->
