<?xml version="1.0" encoding="UTF-8"?>
<!-- Generated by org.testng.reporters.JUnitXMLReporter -->
<testsuite hostname="chilhoanPC" ignored="0" name="NegativeTests" tests="2" failures="0" timestamp="17 Jul 2022 01:51:17 GMT" time="5.259" errors="0">
  <testcase name="incorrectPasswordTest" time="2.638" classname="com.herokuapp.theinternet.NegativeTests"/>
  <testcase name="incorrectUserNameTest" time="2.618" classname="com.herokuapp.theinternet.NegativeTests"/>
</testsuite> <!-- NegativeTests -->
