<?xml version="1.0" encoding="UTF-8"?>
<testng-results skipped="0" failed="0" ignored="0" total="3" passed="3">
  <reporter-output>
  </reporter-output>
  <suite name="ALLTests" duration-ms="18306" started-at="2022-07-17T01:50:59Z" finished-at="2022-07-17T01:51:17Z">
    <groups>
    </groups>
    <test name="PositiveTests" duration-ms="13035" started-at="2022-07-17T01:50:59Z" finished-at="2022-07-17T01:51:12Z">
      <class name="com.herokuapp.theinternet.PostiveTests">
        <test-method status="PASS" signature="loginTest()[pri:0, instance:com.herokuapp.theinternet.PostiveTests@57d5872c]" name="loginTest" duration-ms="13015" started-at="2022-07-17T01:50:59Z" finished-at="2022-07-17T01:51:12Z">
          <reporter-output>
          </reporter-output>
        </test-method> <!-- loginTest -->
      </class> <!-- com.herokuapp.theinternet.PostiveTests -->
    </test> <!-- PositiveTests -->
    <test name="NegativeTests" duration-ms="5259" started-at="2022-07-17T01:51:12Z" finished-at="2022-07-17T01:51:17Z">
      <class name="com.herokuapp.theinternet.NegativeTests">
        <test-method status="PASS" signature="incorrectPasswordTest()[pri:0, instance:com.herokuapp.theinternet.NegativeTests@214b199c]" name="incorrectPasswordTest" duration-ms="2638" started-at="2022-07-17T01:51:12Z" finished-at="2022-07-17T01:51:15Z">
          <reporter-output>
          </reporter-output>
        </test-method> <!-- incorrectPasswordTest -->
        <test-method status="PASS" signature="incorrectUserNameTest()[pri:0, instance:com.herokuapp.theinternet.NegativeTests@214b199c]" name="incorrectUserNameTest" duration-ms="2618" started-at="2022-07-17T01:51:15Z" finished-at="2022-07-17T01:51:17Z">
          <reporter-output>
          </reporter-output>
        </test-method> <!-- incorrectUserNameTest -->
      </class> <!-- com.herokuapp.theinternet.NegativeTests -->
    </test> <!-- NegativeTests -->
  </suite> <!-- ALLTests -->
</testng-results>
